<?xml version="1.0" encoding="UTF-8"?>
<!-- Generated by org.testng.reporters.JUnitReportReporter -->
<testsuite skipped="0" hostname="Bhanupriyas-MacBook-Air.local" name="com.gcrShop.Testscripts.NewGcrTest" tests="2" failures="0" timestamp="2019-12-28T15:54:47 PST" time="12.984" errors="0">
  <testcase name="contactInformation" time="12.767" classname="com.gcrShop.Testscripts.NewGcrTest"/>
  <testcase name="Check" time="0.217" classname="com.gcrShop.Testscripts.NewGcrTest"/>
</testsuite> <!-- com.gcrShop.Testscripts.NewGcrTest -->
