<?xml version="1.0" encoding="UTF-8"?>
<!-- Generated by org.testng.reporters.JUnitReportReporter -->
<testsuite skipped="0" hostname="Bhanupriyas-MacBook-Air.local" name="com.gcrShop.Testscripts.NewGcrTest2" tests="1" failures="0" timestamp="2019-12-16T10:39:33 PST" time="2.081" errors="0">
  <testcase name="contactInformation" time="2.081" classname="com.gcrShop.Testscripts.NewGcrTest2"/>
</testsuite> <!-- com.gcrShop.Testscripts.NewGcrTest2 -->
